Traceback (most recent call last):
  File "C:\Users\trabi\anaconda3\lib\site-packages\jupyter_cache\executors\utils.py", line 58, in single_nb_execution
    executenb(
  File "C:\Users\trabi\anaconda3\lib\site-packages\nbclient\client.py", line 1204, in execute
    return NotebookClient(nb=nb, resources=resources, km=km, **kwargs).execute()
  File "C:\Users\trabi\anaconda3\lib\site-packages\nbclient\util.py", line 84, in wrapped
    return just_run(coro(*args, **kwargs))
  File "C:\Users\trabi\anaconda3\lib\site-packages\nbclient\util.py", line 62, in just_run
    return loop.run_until_complete(coro)
  File "C:\Users\trabi\anaconda3\lib\asyncio\base_events.py", line 649, in run_until_complete
    return future.result()
  File "C:\Users\trabi\anaconda3\lib\site-packages\nbclient\client.py", line 663, in async_execute
    await self.async_execute_cell(
  File "C:\Users\trabi\anaconda3\lib\site-packages\nbclient\client.py", line 965, in async_execute_cell
    await self._check_raise_for_error(cell, cell_index, exec_reply)
  File "C:\Users\trabi\anaconda3\lib\site-packages\nbclient\client.py", line 862, in _check_raise_for_error
    raise CellExecutionError.from_cell_and_msg(cell, exec_reply_content)
nbclient.exceptions.CellExecutionError: An error occurred while executing the following cell:
------------------
# on importe findspark
import findspark
# on initialise findspark pour identifier nos chemins Spark
findspark.init()
# on importe SparkSession
from pyspark.sql import SparkSession
# on crée une session Spark
spark = SparkSession.builder \
         .appName("Exemples avec Python et Spark SQL") \
         .getOrCreate()
------------------

[1;31m---------------------------------------------------------------------------[0m
[1;31mModuleNotFoundError[0m                       Traceback (most recent call last)
Cell [1;32mIn[1], line 2[0m
[0;32m      1[0m [38;5;66;03m# on importe findspark[39;00m
[1;32m----> 2[0m [38;5;28;01mimport[39;00m [38;5;21;01mfindspark[39;00m
[0;32m      3[0m [38;5;66;03m# on initialise findspark pour identifier nos chemins Spark[39;00m
[0;32m      4[0m findspark[38;5;241m.[39minit()

[1;31mModuleNotFoundError[0m: No module named 'findspark'
ModuleNotFoundError: No module named 'findspark'

